TN:
SF:src\App\App.ts
FN:11,(anonymous_1)
FN:17,(anonymous_2)
FN:21,(anonymous_3)
FN:22,(anonymous_4)
FN:24,(anonymous_5)
FN:26,(anonymous_6)
FN:37,(anonymous_7)
FN:38,(anonymous_8)
FN:41,(anonymous_9)
FN:45,(anonymous_10)
FN:50,(anonymous_11)
FN:65,(anonymous_12)
FN:72,(anonymous_13)
FNF:13
FNH:12
FNDA:1,(anonymous_1)
FNDA:2,(anonymous_2)
FNDA:1,(anonymous_3)
FNDA:1,(anonymous_4)
FNDA:4,(anonymous_5)
FNDA:6,(anonymous_6)
FNDA:1,(anonymous_7)
FNDA:6,(anonymous_8)
FNDA:2,(anonymous_9)
FNDA:6,(anonymous_10)
FNDA:12,(anonymous_11)
FNDA:6,(anonymous_12)
FNDA:0,(anonymous_13)
DA:1,1
DA:2,1
DA:6,1
DA:12,1
DA:13,1
DA:14,1
DA:18,2
DA:22,1
DA:23,1
DA:24,1
DA:25,4
DA:26,4
DA:27,6
DA:28,6
DA:30,0
DA:38,1
DA:39,6
DA:41,6
DA:42,2
DA:45,6
DA:46,6
DA:47,6
DA:48,2
DA:50,12
DA:52,6
DA:54,6
DA:55,0
DA:58,0
DA:59,0
DA:66,6
DA:67,6
DA:69,0
DA:73,0
LF:33
LH:27
BRDA:27,0,0,6
BRDA:27,0,1,0
BRDA:47,1,0,2
BRDA:54,2,0,0
BRDA:66,3,0,6
BRDA:66,4,0,6
BRDA:66,4,1,6
BRF:7
BRH:5
end_of_record
TN:
SF:src\Router\Router.ts
FN:6,(anonymous_0)
FN:10,(anonymous_1)
FN:14,(anonymous_2)
FN:25,(anonymous_3)
FN:29,(anonymous_4)
FN:33,(anonymous_5)
FN:37,(anonymous_6)
FN:41,(anonymous_7)
FNF:8
FNH:8
FNDA:1,(anonymous_0)
FNDA:11,(anonymous_1)
FNDA:4,(anonymous_2)
FNDA:4,(anonymous_3)
FNDA:1,(anonymous_4)
FNDA:1,(anonymous_5)
FNDA:1,(anonymous_6)
FNDA:1,(anonymous_7)
DA:4,1
DA:7,1
DA:11,11
DA:15,4
DA:16,1
DA:18,4
DA:19,4
DA:20,0
DA:22,4
DA:26,4
DA:30,1
DA:34,1
DA:38,1
DA:42,1
LF:14
LH:13
BRDA:14,0,0,0
BRDA:15,1,0,1
BRDA:19,2,0,0
BRF:3
BRH:1
end_of_record
TN:
SF:src\middleware\parseUrl.ts
FN:4,(anonymous_0)
FNF:1
FNH:1
FNDA:6,(anonymous_0)
DA:2,1
DA:4,1
DA:5,6
DA:6,6
DA:7,6
DA:8,6
DA:9,0
DA:11,6
DA:12,0
DA:14,6
DA:15,6
DA:16,6
DA:17,4
LF:13
LH:11
BRDA:8,0,0,0
BRDA:11,1,0,0
BRDA:16,2,0,4
BRF:3
BRH:1
end_of_record
TN:
SF:src\middleware\sendJson.ts
FN:5,(anonymous_0)
FN:6,(anonymous_1)
FNF:2
FNH:2
FNDA:6,(anonymous_0)
FNDA:6,(anonymous_1)
DA:5,1
DA:6,6
DA:7,6
DA:8,6
DA:12,1
LF:5
LH:5
BRF:0
BRH:0
end_of_record
TN:
SF:src\types\constant.ts
FNF:0
FNH:0
DA:1,1
LF:1
LH:1
BRF:0
BRH:0
end_of_record
TN:
SF:src\users\user-controller.ts
FN:5,(anonymous_7)
FN:5,(anonymous_8)
FN:26,(anonymous_9)
FN:26,(anonymous_10)
FN:45,(anonymous_11)
FN:45,(anonymous_12)
FN:72,(anonymous_13)
FN:72,(anonymous_14)
FNF:8
FNH:8
FNDA:3,(anonymous_7)
FNDA:3,(anonymous_8)
FNDA:1,(anonymous_9)
FNDA:1,(anonymous_10)
FNDA:1,(anonymous_11)
FNDA:1,(anonymous_12)
FNDA:1,(anonymous_13)
FNDA:1,(anonymous_14)
DA:2,1
DA:3,1
DA:5,3
DA:6,3
DA:7,3
DA:8,2
DA:9,2
DA:10,0
DA:12,2
DA:13,2
DA:14,1
DA:16,1
DA:19,1
DA:22,0
DA:26,1
DA:27,1
DA:28,1
DA:29,0
DA:30,0
DA:32,1
DA:33,1
DA:34,1
DA:35,1
DA:36,1
DA:38,0
DA:41,0
DA:45,1
DA:46,1
DA:47,1
DA:48,1
DA:49,1
DA:50,0
DA:51,0
DA:53,1
DA:54,1
DA:55,1
DA:56,1
DA:57,1
DA:59,0
DA:61,1
DA:63,0
DA:64,0
DA:66,0
DA:68,0
DA:72,1
DA:73,1
DA:74,1
DA:75,1
DA:76,1
DA:77,0
DA:78,0
DA:80,1
DA:81,1
DA:82,1
DA:84,0
DA:86,1
DA:88,0
DA:90,0
LF:58
LH:40
BRDA:7,0,0,2
BRDA:7,0,1,1
BRDA:9,1,0,0
BRDA:13,2,0,1
BRDA:13,2,1,1
BRDA:28,3,0,0
BRDA:33,4,0,1
BRDA:33,4,1,0
BRDA:47,5,0,1
BRDA:49,6,0,0
BRDA:54,7,0,1
BRDA:56,8,0,1
BRDA:56,8,1,0
BRDA:74,9,0,1
BRDA:76,10,0,0
BRDA:81,11,0,1
BRDA:81,11,1,0
BRF:17
BRH:10
end_of_record
TN:
SF:src\users\user-model.ts
FN:5,(anonymous_0)
FN:9,(anonymous_1)
FN:10,(anonymous_2)
FN:11,(anonymous_3)
FN:19,(anonymous_4)
FN:24,(anonymous_5)
FN:28,(anonymous_6)
FN:29,(anonymous_7)
FN:38,(anonymous_8)
FN:39,(anonymous_9)
FN:40,(anonymous_10)
FNF:11
FNH:11
FNDA:1,(anonymous_0)
FNDA:2,(anonymous_1)
FNDA:2,(anonymous_2)
FNDA:1,(anonymous_3)
FNDA:1,(anonymous_4)
FNDA:1,(anonymous_5)
FNDA:1,(anonymous_6)
FNDA:1,(anonymous_7)
FNDA:1,(anonymous_8)
FNDA:1,(anonymous_9)
FNDA:1,(anonymous_10)
DA:3,1
DA:5,1
DA:6,1
DA:9,1
DA:10,2
DA:11,2
DA:12,2
DA:13,1
DA:15,2
DA:19,1
DA:20,1
DA:21,1
DA:24,1
DA:28,1
DA:29,1
DA:30,1
DA:31,1
DA:32,1
DA:34,1
DA:38,1
DA:39,1
DA:40,1
DA:41,1
DA:42,1
DA:43,1
DA:45,1
LF:26
LH:26
BRDA:12,0,0,1
BRDA:30,1,0,1
BRDA:41,2,0,1
BRF:3
BRH:3
end_of_record
TN:
SF:src\users\user-router.ts
FNF:0
FNH:0
DA:1,1
DA:2,1
DA:4,1
DA:6,1
DA:8,1
DA:10,1
DA:12,1
LF:7
LH:7
BRF:0
BRH:0
end_of_record
TN:
SF:src\utils\users.ts
FN:4,(anonymous_1)
FN:17,(anonymous_2)
FN:25,(anonymous_3)
FN:31,(anonymous_4)
FNF:4
FNH:4
FNDA:2,(anonymous_1)
FNDA:2,(anonymous_2)
FNDA:1,(anonymous_3)
FNDA:4,(anonymous_4)
DA:1,1
DA:4,1
DA:5,2
DA:6,2
DA:7,0
DA:9,2
DA:10,0
DA:13,2
DA:14,0
DA:17,2
DA:18,2
DA:19,0
DA:22,2
DA:25,1
DA:26,1
DA:27,1
DA:28,1
DA:31,1
DA:32,4
DA:33,4
LF:20
LH:16
BRDA:6,0,0,0
BRDA:6,1,0,2
BRDA:6,1,1,2
BRDA:9,2,0,0
BRDA:9,3,0,2
BRDA:9,3,1,2
BRDA:13,4,0,0
BRDA:18,5,0,0
BRF:8
BRH:4
end_of_record
